<?xml version="1.0" encoding="UTF-8"?>
<testng-results skipped="0" failed="0" total="1" passed="1">
  <reporter-output>
  </reporter-output>
  <suite name="Default suite" duration-ms="14193" started-at="2015-06-20T21:15:14Z" finished-at="2015-06-20T21:15:28Z">
    <groups>
    </groups>
    <test name="Default test" duration-ms="14193" started-at="2015-06-20T21:15:14Z" finished-at="2015-06-20T21:15:28Z">
      <class name="com.homesite.test.script.NewTest">
        <test-method status="PASS" signature="beforeMethod()[pri:0, instance:com.homesite.test.script.NewTest@256216b3]" name="beforeMethod" is-config="true" duration-ms="5321" started-at="2015-06-20T17:15:14Z" finished-at="2015-06-20T17:15:20Z">
          <reporter-output>
          </reporter-output>
        </test-method> <!-- beforeMethod -->
        <test-method status="PASS" signature="f()[pri:0, instance:com.homesite.test.script.NewTest@256216b3]" name="f" duration-ms="8854" started-at="2015-06-20T17:15:20Z" finished-at="2015-06-20T17:15:28Z">
          <reporter-output>
          </reporter-output>
        </test-method> <!-- f -->
        <test-method status="PASS" signature="afterMethod()[pri:0, instance:com.homesite.test.script.NewTest@256216b3]" name="afterMethod" is-config="true" duration-ms="0" started-at="2015-06-20T17:15:28Z" finished-at="2015-06-20T17:15:28Z">
          <reporter-output>
          </reporter-output>
        </test-method> <!-- afterMethod -->
      </class> <!-- com.homesite.test.script.NewTest -->
    </test> <!-- Default test -->
  </suite> <!-- Default suite -->
</testng-results>
